-------------------------------------------------------------------------------
Test set: TestSuite
-------------------------------------------------------------------------------
Tests run: 4, Failures: 1, Errors: 0, Skipped: 0, Time elapsed: 254.1 s <<< FAILURE! - in TestSuite
textMessage(Academy.validateTitle)  Time elapsed: 2.278 s  <<< FAILURE!
java.lang.AssertionError: expected [FEATURED] but found [FEATURED COURSES]
	at Academy.validateTitle.textMessage(validateTitle.java:36)

